CCS PCH C Compiler, Version 5.008, 5967               25-févr.-18 17:19

               Filename:   D:\EPHEC\2eme\semestre2\elec\projet_c.lst

               ROM used:   108 bytes (0%)
                           Largest free fragment is 32660
               RAM used:   4 (0%) at main() level
                           7 (0%) worst case
               Stack used: 1 locations
               Stack size: 31

*
0000:  GOTO   002E
.................... #include <projet_c.h> 
.................... #include <18F458.h> 
.................... //////// Standard Header file for the PIC18F458 device //////////////// 
.................... #device PIC18F458 
....................  
.................... #list 
....................  
.................... #device ADC=16 
....................  
.................... #FUSES NOWDT                    //No Watch Dog Timer 
.................... #FUSES WDT128                   //Watch Dog Timer uses 1:128 Postscale 
.................... #FUSES NOBROWNOUT               //No brownout reset 
.................... #FUSES NOLVP                    //No low voltage prgming, B3(PIC16) or B5(PIC18) used for I/O 
....................  
.................... #use delay(crystal=10000000) 
0004:  CLRF   FEA
0006:  MOVLW  07
0008:  MOVWF  FE9
000A:  MOVF   FEF,W
000C:  BZ    002A
000E:  MOVLW  03
0010:  MOVWF  01
0012:  CLRF   00
0014:  DECFSZ 00,F
0016:  BRA    0014
0018:  DECFSZ 01,F
001A:  BRA    0012
001C:  MOVLW  3C
001E:  MOVWF  00
0020:  DECFSZ 00,F
0022:  BRA    0020
0024:  BRA    0026
0026:  DECFSZ FEF,F
0028:  BRA    000E
002A:  GOTO   0066 (RETURN)
....................  
....................  
....................  
.................... void main() 
002E:  CLRF   FF8
0030:  BCF    FD0.7
0032:  BSF    FC1.0
0034:  BSF    FC1.1
0036:  BSF    FC1.2
0038:  BCF    FC1.3
003A:  MOVLW  07
003C:  MOVWF  FB4
.................... { 
....................    setup_low_volt_detect(FALSE); 
003E:  CLRF   FD2
....................    int limite =5,cpt=0; 
0040:  MOVLW  05
0042:  MOVWF  05
0044:  CLRF   06
....................    while(TRUE) 
....................    { 
....................       output_d(cpt); 
0046:  CLRF   F95
0048:  MOVFF  06,F8C
....................       //TODO: User Code 
....................       if(cpt>=limite){ 
004C:  MOVF   05,W
004E:  SUBWF  06,W
0050:  BNC   005A
....................          output_b(1); 
0052:  CLRF   F93
0054:  MOVLW  01
0056:  MOVWF  F8A
....................       }else{ 
0058:  BRA    0060
....................          output_b(2); 
005A:  CLRF   F93
005C:  MOVLW  02
005E:  MOVWF  F8A
....................       } 
....................       delay_ms(200); 
0060:  MOVLW  C8
0062:  MOVWF  07
0064:  BRA    0004
....................       cpt++; 
0066:  INCF   06,F
0068:  BRA    0046
....................    } 
....................  
.................... } 
006A:  SLEEP 

Configuration Fuses:
   Word  1: 2200   HS NOOSCSEN
   Word  2: 0E0C   PUT NOBROWNOUT BORV25 NOWDT WDT128
   Word  3: 0000  
   Word  4: 0081   STVREN NOLVP NODEBUG
   Word  5: C00F   NOPROTECT NOCPB NOCPD
   Word  6: E00F   NOWRT NOWRTC NOWRTB NOWRTD
   Word  7: 400F   NOEBTR NOEBTRB
