
ROM used:   108/16384 (0%)
            108/16384 (0%) including unused fragments

            0.1 Average locations per line
            9.0 Average locations per statement

RAM used:   4/1536 (0%) at main() level
            7/1536 (0%) worst case

Stack used: 1 worst case (1 in main + 0 for interrupts)
Stack size: 31

Lines Stmts  %   Files
----- ----- ---  -----
   21    12 100  projet_c.c
   11     0   0  projet_c.h
  766     0   0  ..\..\..\..\Programme Files (x86)\PICC\Devices\18F458.h
----- -----
  798    12 Total

Page ROM  %  RAM   Vol Diff  Functions:
---- --- --- ---   --- ----  ----------
0     42  19    1             @delay_ms1
0     62  29    0   228  4.5  main
 Inline         0             @cinit1

Program metrics:
    Functions               1
    Statements              12
    Comments                128
    Volume (V)              232
    Difficulty (D)          4.1
    Effort to implement (E) 958
    Time to implement (T)   1 minutes
    Est Delivered Bugs (B)  0
    Cyclomatic Complexity   1
    Maintainability (MI)    54

 Segment     Used  Free
-----------  ----  ----
00000-00002     4  0  
00004-07FFE   104  32660  



